<?xml version="1.0" encoding="UTF-8"?>
<testng-results skipped="0" failed="0" ignored="0" total="2" passed="2">
  <reporter-output>
  </reporter-output>
  <suite name="Default suite" duration-ms="34036" started-at="2020-02-19T16:25:15 IST" finished-at="2020-02-19T16:25:49 IST">
    <groups>
    </groups>
    <test name="Default test" duration-ms="34036" started-at="2020-02-19T16:25:15 IST" finished-at="2020-02-19T16:25:49 IST">
      <class name="myfirsttestngpackage.MyFirstTestNGFile">
        <test-method status="PASS" signature="beforeTest()[pri:0, instance:myfirsttestngpackage.MyFirstTestNGFile@63753b6d]" name="beforeTest" is-config="true" duration-ms="20361" started-at="2020-02-19T16:25:15 IST" finished-at="2020-02-19T16:25:36 IST">
          <reporter-output>
          </reporter-output>
        </test-method> <!-- beforeTest -->
        <test-method status="PASS" signature="openUrl()[pri:1, instance:myfirsttestngpackage.MyFirstTestNGFile@63753b6d]" name="openUrl" duration-ms="12112" started-at="2020-02-19T16:25:36 IST" finished-at="2020-02-19T16:25:48 IST">
          <reporter-output>
          </reporter-output>
        </test-method> <!-- openUrl -->
        <test-method status="PASS" signature="login()[pri:2, instance:myfirsttestngpackage.MyFirstTestNGFile@63753b6d]" name="login" duration-ms="1462" started-at="2020-02-19T16:25:48 IST" finished-at="2020-02-19T16:25:49 IST">
          <reporter-output>
          </reporter-output>
        </test-method> <!-- login -->
      </class> <!-- myfirsttestngpackage.MyFirstTestNGFile -->
    </test> <!-- Default test -->
  </suite> <!-- Default suite -->
</testng-results>
